<?xml version="1.0" encoding="UTF-8"?>
<!-- Generated by org.testng.reporters.JUnitReportReporter -->
<testsuite hostname="WKWIN4062571" failures="0" tests="2" name="testcases.TC_api_binance" time="3.377" errors="0" timestamp="2024-08-21T20:35:33 IST" skipped="0">
  <testcase classname="testcases.TC_api_binance" name="TC01" time="2.155"/>
  <testcase classname="testcases.TC_api_binance" name="TC02" time="1.222"/>
</testsuite> <!-- testcases.TC_api_binance -->
