<?xml version="1.0" encoding="UTF-8"?>
<!-- Generated by org.testng.reporters.JUnitReportReporter -->
<testsuite hostname="WKWIN4062571" failures="0" tests="1" name="stepDefinitions.TickerSteps" time="0.011" errors="0" timestamp="2024-08-21T12:09:40 IST" skipped="0">
  <testcase classname="stepDefinitions.TickerSteps" name="test01" time="0.011"/>
</testsuite> <!-- stepDefinitions.TickerSteps -->
