<?xml version="1.0" encoding="UTF-8"?>
<!-- Generated by org.testng.reporters.JUnitReportReporter -->
<testsuite hostname="WKWIN4062571" failures="0" tests="1" name="utilities.APIHelper" time="0.013" errors="0" timestamp="2024-08-21T12:03:25 IST" skipped="0">
  <testcase classname="utilities.APIHelper" name="test" time="0.013"/>
</testsuite> <!-- utilities.APIHelper -->
